cl : command line  warning D9035: option 'Gm' has been deprecated and will be removed in a future release
  example1.cpp
C:\Users\HP\Downloads\template_HLP_Tru_Cau\BaiTHso3_2_project_Cube\GLSLExperiment\example1.cpp(41,45): warning C4305: 'initializing': truncation from 'double' to 'GLfloat'
C:\Users\HP\Downloads\template_HLP_Tru_Cau\BaiTHso3_2_project_Cube\GLSLExperiment\example1.cpp(322,99): warning C4305: 'argument': truncation from 'double' to 'const GLfloat'
C:\Users\HP\Downloads\template_HLP_Tru_Cau\BaiTHso3_2_project_Cube\GLSLExperiment\example1.cpp(326,38): warning C4305: 'argument': truncation from 'double' to 'const GLfloat'
C:\Users\HP\Downloads\template_HLP_Tru_Cau\BaiTHso3_2_project_Cube\GLSLExperiment\example1.cpp(330,50): warning C4305: 'argument': truncation from 'double' to 'GLfloat'
C:\Users\HP\Downloads\template_HLP_Tru_Cau\BaiTHso3_2_project_Cube\GLSLExperiment\example1.cpp(331,53): warning C4305: 'argument': truncation from 'double' to 'GLfloat'
C:\Users\HP\Downloads\template_HLP_Tru_Cau\BaiTHso3_2_project_Cube\GLSLExperiment\example1.cpp(332,53): warning C4305: 'argument': truncation from 'double' to 'GLfloat'
C:\Users\HP\Downloads\template_HLP_Tru_Cau\BaiTHso3_2_project_Cube\GLSLExperiment\example1.cpp(333,56): warning C4305: 'argument': truncation from 'double' to 'GLfloat'
C:\Users\HP\Downloads\template_HLP_Tru_Cau\BaiTHso3_2_project_Cube\GLSLExperiment\example1.cpp(334,61): warning C4305: 'argument': truncation from 'double' to 'const GLfloat'
C:\Users\HP\Downloads\template_HLP_Tru_Cau\BaiTHso3_2_project_Cube\GLSLExperiment\example1.cpp(338,39): warning C4305: 'argument': truncation from 'double' to 'const GLfloat'
C:\Users\HP\Downloads\template_HLP_Tru_Cau\BaiTHso3_2_project_Cube\GLSLExperiment\example1.cpp(342,53): warning C4305: 'argument': truncation from 'double' to 'const GLfloat'
C:\Users\HP\Downloads\template_HLP_Tru_Cau\BaiTHso3_2_project_Cube\GLSLExperiment\example1.cpp(347,68): warning C4305: 'argument': truncation from 'double' to 'const GLfloat'
C:\Users\HP\Downloads\template_HLP_Tru_Cau\BaiTHso3_2_project_Cube\GLSLExperiment\example1.cpp(349,90): warning C4305: 'argument': truncation from 'double' to 'const GLfloat'
C:\Users\HP\Downloads\template_HLP_Tru_Cau\BaiTHso3_2_project_Cube\GLSLExperiment\example1.cpp(351,60): warning C4305: 'argument': truncation from 'double' to 'const GLfloat'
C:\Users\HP\Downloads\template_HLP_Tru_Cau\BaiTHso3_2_project_Cube\GLSLExperiment\example1.cpp(351,107): warning C4305: 'argument': truncation from 'double' to 'const GLfloat'
C:\Users\HP\Downloads\template_HLP_Tru_Cau\BaiTHso3_2_project_Cube\GLSLExperiment\example1.cpp(360,37): warning C4305: 'argument': truncation from 'double' to 'const GLfloat'
C:\Users\HP\Downloads\template_HLP_Tru_Cau\BaiTHso3_2_project_Cube\GLSLExperiment\example1.cpp(360,75): warning C4305: 'argument': truncation from 'double' to 'const GLfloat'
C:\Users\HP\Downloads\template_HLP_Tru_Cau\BaiTHso3_2_project_Cube\GLSLExperiment\example1.cpp(361,37): warning C4305: 'argument': truncation from 'double' to 'const GLfloat'
C:\Users\HP\Downloads\template_HLP_Tru_Cau\BaiTHso3_2_project_Cube\GLSLExperiment\example1.cpp(361,59): warning C4305: 'argument': truncation from 'double' to 'const GLfloat'
  GLSLExperiment.vcxproj -> C:\Users\HP\Downloads\template_HLP_Tru_Cau\BaiTHso3_2_project_Cube\Debug\GLSLExperiment.exe
